<?xml version="1.0" encoding="UTF-8"?>
<testsuite xmlns:xsi="http://www.w3.org/2001/XMLSchema-instance" xsi:noNamespaceSchemaLocation="https://maven.apache.org/surefire/maven-surefire-plugin/xsd/surefire-test-report-3.0.xsd" version="3.0" name="Services.DigitScrubberTest" time="0.329" tests="18" errors="0" skipped="0" failures="0">
  <properties>
[...]
</properties>
  <testcase name="testScrub_VariousDigitPatterns(String, String)[1]" classname="Services.DigitScrubberTest" time="0.094"/>
  <testcase name="testScrub_VariousDigitPatterns(String, String)[2]" classname="Services.DigitScrubberTest" time="0.002"/>
  <testcase name="testScrub_VariousDigitPatterns(String, String)[3]" classname="Services.DigitScrubberTest" time="0.003"/>
  <testcase name="testScrub_VariousDigitPatterns(String, String)[4]" classname="Services.DigitScrubberTest" time="0.002"/>
  <testcase name="testScrub_OnlySpaces_ThrowsIllegalArgumentException" classname="Services.DigitScrubberTest" time="0.003"/>
  <testcase name="testScrub_MixedDigitsAndLetters" classname="Services.DigitScrubberTest" time="0.002"/>
  <testcase name="testScrub_SingleDigits" classname="Services.DigitScrubberTest" time="0.001"/>
  <testcase name="testScrub_NullInput_ThrowsNullPointerException" classname="Services.DigitScrubberTest" time="0.002"/>
  <testcase name="testScrub_OnlyDigits" classname="Services.DigitScrubberTest" time="0.001"/>
  <testcase name="testScrub_SpecialCharactersWithDigits" classname="Services.DigitScrubberTest" time="0.001"/>
  <testcase name="testScrub_TabsAndSpaces_ThrowsIllegalArgumentException" classname="Services.DigitScrubberTest" time="0.002"/>
  <testcase name="testScrub_EmptyString_ThrowsIllegalArgumentException" classname="Services.DigitScrubberTest" time="0.004"/>
  <testcase name="testScrub_MultipleLines" classname="Services.DigitScrubberTest" time="0.001"/>
  <testcase name="testScrub_SingleDigit" classname="Services.DigitScrubberTest" time="0.002"/>
  <testcase name="testScrub_VeryLongString" classname="Services.DigitScrubberTest" time="0.018"/>
  <testcase name="testScrub_UnicodeWithDigits" classname="Services.DigitScrubberTest" time="0.005"/>
  <testcase name="testScrub_NoDigits" classname="Services.DigitScrubberTest" time="0.001"/>
  <testcase name="testScrub_DigitsAtBoundaries" classname="Services.DigitScrubberTest" time="0.001"/>
</testsuite>