<?xml version="1.0" encoding="UTF-8"?>
<testsuite xmlns:xsi="http://www.w3.org/2001/XMLSchema-instance" xsi:noNamespaceSchemaLocation="https://maven.apache.org/surefire/maven-surefire-plugin/xsd/surefire-test-report-3.0.xsd" version="3.0" name="EmailScrubberTest" time="0.525" tests="25" errors="0" skipped="0" failures="3">
  <properties>
[...]
</properties>
  <testcase name="testScrub_InvalidEmailSpecialChars" classname="EmailScrubberTest" time="0.098"/>
  <testcase name="testScrub_VeryLongEmail" classname="EmailScrubberTest" time="0.02"/>
  <testcase name="testScrub_EmailWithUnderscore" classname="EmailScrubberTest" time="0.002"/>
  <testcase name="testScrub_NoEmail" classname="EmailScrubberTest" time="0.002"/>
  <testcase name="testScrub_VariousValidEmails(String, String)[1]" classname="EmailScrubberTest" time="0.054"/>
  <testcase name="testScrub_VariousValidEmails(String, String)[2]" classname="EmailScrubberTest" time="0.004"/>
  <testcase name="testScrub_VariousValidEmails(String, String)[3]" classname="EmailScrubberTest" time="0.003"/>
  <testcase name="testScrub_VariousValidEmails(String, String)[4]" classname="EmailScrubberTest" time="0.003"/>
  <testcase name="testScrub_VariousValidEmails(String, String)[5]" classname="EmailScrubberTest" time="0.026">
    <failure message="expected: &lt;[EMAIL_HIDDEN]&gt; but was: &lt;user123@example.net&gt;" type="org.opentest4j.AssertionFailedError"><![CDATA[org.opentest4j.AssertionFailedError: expected: <[EMAIL_HIDDEN]> but was: <user123@example.net>
	at org.junit.jupiter.api.AssertionFailureBuilder.build(AssertionFailureBuilder.java:151)
	at org.junit.jupiter.api.AssertionFailureBuilder.buildAndThrow(AssertionFailureBuilder.java:132)
	at org.junit.jupiter.api.AssertEquals.failNotEqual(AssertEquals.java:197)
	at org.junit.jupiter.api.AssertEquals.assertEquals(AssertEquals.java:182)
	at org.junit.jupiter.api.AssertEquals.assertEquals(AssertEquals.java:177)
	at org.junit.jupiter.api.Assertions.assertEquals(Assertions.java:1141)
	at EmailScrubberTest.testScrub_VariousValidEmails(EmailScrubberTest.java:206)
	at java.base/java.lang.reflect.Method.invoke(Method.java:569)
	at java.base/java.util.stream.ForEachOps$ForEachOp$OfRef.accept(ForEachOps.java:183)
	at java.base/java.util.stream.ReferencePipeline$3$1.accept(ReferencePipeline.java:197)
	at java.base/java.util.stream.ReferencePipeline$2$1.accept(ReferencePipeline.java:179)
	at java.base/java.util.stream.ReferencePipeline$3$1.accept(ReferencePipeline.java:197)
	at java.base/java.util.stream.ForEachOps$ForEachOp$OfRef.accept(ForEachOps.java:183)
	at java.base/java.util.stream.ReferencePipeline$3$1.accept(ReferencePipeline.java:197)
	at java.base/java.util.stream.ReferencePipeline$3$1.accept(ReferencePipeline.java:197)
	at java.base/java.util.stream.ReferencePipeline$3$1.accept(ReferencePipeline.java:197)
	at java.base/java.util.ArrayList$ArrayListSpliterator.forEachRemaining(ArrayList.java:1625)
	at java.base/java.util.stream.ReferencePipeline$Head.forEach(ReferencePipeline.java:762)
	at java.base/java.util.stream.ReferencePipeline$7$1.accept(ReferencePipeline.java:276)
	at java.base/java.util.stream.ReferencePipeline$3$1.accept(ReferencePipeline.java:197)
	at java.base/java.util.stream.ReferencePipeline$3$1.accept(ReferencePipeline.java:197)
	at java.base/java.util.stream.ReferencePipeline$3$1.accept(ReferencePipeline.java:197)
	at java.base/java.util.ArrayList$ArrayListSpliterator.forEachRemaining(ArrayList.java:1625)
	at java.base/java.util.stream.AbstractPipeline.copyInto(AbstractPipeline.java:509)
	at java.base/java.util.stream.AbstractPipeline.wrapAndCopyInto(AbstractPipeline.java:499)
	at java.base/java.util.stream.ForEachOps$ForEachOp.evaluateSequential(ForEachOps.java:150)
	at java.base/java.util.stream.ForEachOps$ForEachOp$OfRef.evaluateSequential(ForEachOps.java:173)
	at java.base/java.util.stream.AbstractPipeline.evaluate(AbstractPipeline.java:234)
	at java.base/java.util.stream.ReferencePipeline.forEach(ReferencePipeline.java:596)
	at java.base/java.util.stream.ReferencePipeline$7$1.accept(ReferencePipeline.java:276)
	at java.base/java.util.ArrayList$ArrayListSpliterator.forEachRemaining(ArrayList.java:1625)
	at java.base/java.util.stream.AbstractPipeline.copyInto(AbstractPipeline.java:509)
	at java.base/java.util.stream.AbstractPipeline.wrapAndCopyInto(AbstractPipeline.java:499)
	at java.base/java.util.stream.ForEachOps$ForEachOp.evaluateSequential(ForEachOps.java:150)
	at java.base/java.util.stream.ForEachOps$ForEachOp$OfRef.evaluateSequential(ForEachOps.java:173)
	at java.base/java.util.stream.AbstractPipeline.evaluate(AbstractPipeline.java:234)
	at java.base/java.util.stream.ReferencePipeline.forEach(ReferencePipeline.java:596)
	at java.base/java.util.ArrayList.forEach(ArrayList.java:1511)
	at java.base/java.util.ArrayList.forEach(ArrayList.java:1511)
]]></failure>
  </testcase>
  <testcase name="testScrub_MinimumLengthEmail" classname="EmailScrubberTest" time="0.007">
    <failure message="expected: &lt;[EMAIL_HIDDEN]&gt; but was: &lt;a@b.c&gt;" type="org.opentest4j.AssertionFailedError"><![CDATA[org.opentest4j.AssertionFailedError: expected: <[EMAIL_HIDDEN]> but was: <a@b.c>
	at org.junit.jupiter.api.AssertionFailureBuilder.build(AssertionFailureBuilder.java:151)
	at org.junit.jupiter.api.AssertionFailureBuilder.buildAndThrow(AssertionFailureBuilder.java:132)
	at org.junit.jupiter.api.AssertEquals.failNotEqual(AssertEquals.java:197)
	at org.junit.jupiter.api.AssertEquals.assertEquals(AssertEquals.java:182)
	at org.junit.jupiter.api.AssertEquals.assertEquals(AssertEquals.java:177)
	at org.junit.jupiter.api.Assertions.assertEquals(Assertions.java:1141)
	at EmailScrubberTest.testScrub_MinimumLengthEmail(EmailScrubberTest.java:193)
	at java.base/java.lang.reflect.Method.invoke(Method.java:569)
	at java.base/java.util.ArrayList.forEach(ArrayList.java:1511)
	at java.base/java.util.ArrayList.forEach(ArrayList.java:1511)
]]></failure>
  </testcase>
  <testcase name="testScrub_EmailWithDots" classname="EmailScrubberTest" time="0.002"/>
  <testcase name="testScrub_EmailWithPlus" classname="EmailScrubberTest" time="0.002"/>
  <testcase name="testScrub_EmailWithSubdomain" classname="EmailScrubberTest" time="0.002"/>
  <testcase name="testScrub_EmailWithHyphen" classname="EmailScrubberTest" time="0.002"/>
  <testcase name="testScrub_NullInput_ThrowsNullPointerException" classname="EmailScrubberTest" time="0.008"/>
  <testcase name="testScrub_EmailAtBeginning" classname="EmailScrubberTest" time="0.004"/>
  <testcase name="testScrub_EmptyString_ThrowsNullPointerException" classname="EmailScrubberTest" time="0.003"/>
  <testcase name="testScrub_InvalidEmailNoTLD" classname="EmailScrubberTest" time="0.003"/>
  <testcase name="testScrub_MultipleEmails" classname="EmailScrubberTest" time="0.003"/>
  <testcase name="testScrub_OnlySpaces_ThrowsNullPointerException" classname="EmailScrubberTest" time="0.003"/>
  <testcase name="testScrub_EmailAtEnd" classname="EmailScrubberTest" time="0.002"/>
  <testcase name="testScrub_SimpleEmail" classname="EmailScrubberTest" time="0.002"/>
  <testcase name="testScrub_InvalidEmailNoDomain" classname="EmailScrubberTest" time="0.002"/>
  <testcase name="testScrub_InvalidEmailNoAtSymbol" classname="EmailScrubberTest" time="0.002"/>
  <testcase name="testScrub_EmailWithNumbers" classname="EmailScrubberTest" time="0.005">
    <failure message="expected: &lt;[EMAIL_HIDDEN]&gt; but was: &lt;user123@domain456.com&gt;" type="org.opentest4j.AssertionFailedError"><![CDATA[org.opentest4j.AssertionFailedError: expected: <[EMAIL_HIDDEN]> but was: <user123@domain456.com>
	at org.junit.jupiter.api.AssertionFailureBuilder.build(AssertionFailureBuilder.java:151)
	at org.junit.jupiter.api.AssertionFailureBuilder.buildAndThrow(AssertionFailureBuilder.java:132)
	at org.junit.jupiter.api.AssertEquals.failNotEqual(AssertEquals.java:197)
	at org.junit.jupiter.api.AssertEquals.assertEquals(AssertEquals.java:182)
	at org.junit.jupiter.api.AssertEquals.assertEquals(AssertEquals.java:177)
	at org.junit.jupiter.api.Assertions.assertEquals(Assertions.java:1141)
	at EmailScrubberTest.testScrub_EmailWithNumbers(EmailScrubberTest.java:51)
	at java.base/java.lang.reflect.Method.invoke(Method.java:569)
	at java.base/java.util.ArrayList.forEach(ArrayList.java:1511)
	at java.base/java.util.ArrayList.forEach(ArrayList.java:1511)
]]></failure>
  </testcase>
</testsuite>